<!DOCTYPE html PUBLIC "-//W3C//DTD XHTML 1.1//EN" "http://www.w3.org/TR/xhtml11/DTD/xhtml11.dtd">
<html xmlns="http://www.w3.org/1999/xhtml"><head><title>TestNG Report</title><style type="text/css">table {margin-bottom:10px;border-collapse:collapse;empty-cells:show}th,td {border:1px solid #009;padding:.25em .5em}th {vertical-align:bottom}td {vertical-align:top}table a {font-weight:bold}.stripe td {background-color: #E6EBF9}.num {text-align:right}.passedodd td {background-color: #3F3}.passedeven td {background-color: #0A0}.skippedodd td {background-color: #DDD}.skippedeven td {background-color: #CCC}.failedodd td,.attn {background-color: #F33}.failedeven td,.stripe .attn {background-color: #D00}.stacktrace {white-space:pre;font-family:monospace}.totop {font-size:85%;text-align:center;border-bottom:2px solid #000}</style></head><body><table><tr><th>Test</th><th># Passed</th><th># Skipped</th><th># Failed</th><th>Time (ms)</th><th>Included Groups</th><th>Excluded Groups</th></tr><tr><th colspan="7">Suite</th></tr><tr><td><a href="#t0">ChromeTestCases</a></td><td class="num">17</td><td class="num">0</td><td class="num attn">6</td><td class="num">177,381</td><td></td><td></td></tr></table><table><thead><tr><th>Class</th><th>Method</th><th>Start</th><th>Time (ms)</th></tr></thead><tbody><tr><th colspan="4">Suite</th></tr></tbody><tbody id="t0"><tr><th colspan="4">ChromeTestCases &#8212; failed</th></tr><tr class="failedeven"><td rowspan="4">kriptomatDemo.FunctionalTests</td><td><a href="#m0">calculateFactorialFaultNegativeInt</a></td><td rowspan="4">1647807740370</td><td rowspan="4">8111</td></tr><tr class="failedeven"><td><a href="#m1">calculateFactorialFaultNegativeInt</a></td></tr><tr class="failedeven"><td><a href="#m2">calculateFactorialFaultNegativeInt</a></td></tr><tr class="failedeven"><td><a href="#m3">calculateFactorialFaultNegativeInt</a></td></tr><tr class="failedodd"><td rowspan="2">kriptomatDemo.VerifyWebElements</td><td><a href="#m4">verifyPrivacyLink</a></td><td rowspan="1">1647807720335</td><td rowspan="1">8602</td></tr><tr class="failedodd"><td><a href="#m5">verifyTermsLink</a></td><td rowspan="1">1647807728939</td><td rowspan="1">8669</td></tr><tr><th colspan="4">ChromeTestCases &#8212; passed</th></tr><tr class="passedeven"><td rowspan="12">kriptomatDemo.FunctionalTests</td><td><a href="#m6">calculateFactorialFaultNonInt</a></td><td rowspan="6">1647807801214</td><td rowspan="6">6531</td></tr><tr class="passedeven"><td><a href="#m7">calculateFactorialFaultNonInt</a></td></tr><tr class="passedeven"><td><a href="#m8">calculateFactorialFaultNonInt</a></td></tr><tr class="passedeven"><td><a href="#m9">calculateFactorialFaultNonInt</a></td></tr><tr class="passedeven"><td><a href="#m10">calculateFactorialFaultNonInt</a></td></tr><tr class="passedeven"><td><a href="#m11">calculateFactorialFaultNonInt</a></td></tr><tr class="passedeven"><td><a href="#m12">calculateFactorialPositive</a></td><td rowspan="6">1647807820804</td><td rowspan="6">6517</td></tr><tr class="passedeven"><td><a href="#m13">calculateFactorialPositive</a></td></tr><tr class="passedeven"><td><a href="#m14">calculateFactorialPositive</a></td></tr><tr class="passedeven"><td><a href="#m15">calculateFactorialPositive</a></td></tr><tr class="passedeven"><td><a href="#m16">calculateFactorialPositive</a></td></tr><tr class="passedeven"><td><a href="#m17">calculateFactorialPositive</a></td></tr><tr class="passedodd"><td rowspan="5">kriptomatDemo.VerifyWebElements</td><td><a href="#m18">verifyCalculateButton</a></td><td rowspan="1">1647807676801</td><td rowspan="1">8999</td></tr><tr class="passedodd"><td><a href="#m19">verifyMainHeader</a></td><td rowspan="1">1647807685802</td><td rowspan="1">7408</td></tr><tr class="passedodd"><td><a href="#m20">verifyOtherLinks</a></td><td rowspan="1">1647807693212</td><td rowspan="1">12018</td></tr><tr class="passedodd"><td><a href="#m21">verifyPageTitle</a></td><td rowspan="1">1647807705232</td><td rowspan="1">7679</td></tr><tr class="passedodd"><td><a href="#m22">verifyPlaceholderText</a></td><td rowspan="1">1647807712913</td><td rowspan="1">7420</td></tr></tbody></table><h2>ChromeTestCases</h2><h3 id="m0">kriptomatDemo.FunctionalTests#calculateFactorialFaultNegativeInt</h3><table class="result"><tr class="param"><th>Parameter #1</th></tr><tr class="param stripe"><td>-1</td></tr><tr><th>Exception</th></tr><tr><td><div class="stacktrace">java.lang.AssertionError: expected [Please enter an positive integer] but found []
	at org.testng.Assert.fail(Assert.java:94)
	at org.testng.Assert.failNotEquals(Assert.java:513)
	at org.testng.Assert.assertEqualsImpl(Assert.java:135)
	at org.testng.Assert.assertEquals(Assert.java:116)
	at org.testng.Assert.assertEquals(Assert.java:190)
	at org.testng.Assert.assertEquals(Assert.java:200)
	at kriptomatDemo.FunctionalTests.calculateFactorialFaultNegativeInt(FunctionalTests.java:156)
	at sun.reflect.NativeMethodAccessorImpl.invoke0(Native Method)
	at sun.reflect.NativeMethodAccessorImpl.invoke(Unknown Source)
	at sun.reflect.DelegatingMethodAccessorImpl.invoke(Unknown Source)
	at java.lang.reflect.Method.invoke(Unknown Source)
	at org.testng.internal.MethodInvocationHelper.invokeMethod(MethodInvocationHelper.java:86)
	at org.testng.internal.Invoker.invokeMethod(Invoker.java:645)
	at org.testng.internal.Invoker.invokeTestMethod(Invoker.java:822)
	at org.testng.internal.Invoker.invokeTestMethods(Invoker.java:1130)
	at org.testng.internal.TestMethodWorker.invokeTestMethods(TestMethodWorker.java:129)
	at org.testng.internal.TestMethodWorker.run(TestMethodWorker.java:112)
	at org.testng.TestRunner.privateRun(TestRunner.java:782)
	at org.testng.TestRunner.run(TestRunner.java:632)
	at org.testng.SuiteRunner.runTest(SuiteRunner.java:366)
	at org.testng.SuiteRunner.runSequentially(SuiteRunner.java:361)
	at org.testng.SuiteRunner.privateRun(SuiteRunner.java:319)
	at org.testng.SuiteRunner.run(SuiteRunner.java:268)
	at org.testng.SuiteRunnerWorker.runSuite(SuiteRunnerWorker.java:52)
	at org.testng.SuiteRunnerWorker.run(SuiteRunnerWorker.java:86)
	at org.testng.TestNG.runSuitesSequentially(TestNG.java:1244)
	at org.testng.TestNG.runSuitesLocally(TestNG.java:1169)
	at org.testng.TestNG.run(TestNG.java:1064)
	at org.testng.remote.RemoteTestNG.run(RemoteTestNG.java:113)
	at org.testng.remote.RemoteTestNG.initAndRun(RemoteTestNG.java:206)
	at org.testng.remote.RemoteTestNG.main(RemoteTestNG.java:177)
</div></td></tr></table><p class="totop"><a href="#summary">back to summary</a></p><h3 id="m1">kriptomatDemo.FunctionalTests#calculateFactorialFaultNegativeInt</h3><table class="result"><tr class="param"><th>Parameter #1</th></tr><tr class="param stripe"><td>-28</td></tr><tr><th>Exception</th></tr><tr><td><div class="stacktrace">java.lang.AssertionError: expected [Please enter an positive integer] but found []
	at org.testng.Assert.fail(Assert.java:94)
	at org.testng.Assert.failNotEquals(Assert.java:513)
	at org.testng.Assert.assertEqualsImpl(Assert.java:135)
	at org.testng.Assert.assertEquals(Assert.java:116)
	at org.testng.Assert.assertEquals(Assert.java:190)
	at org.testng.Assert.assertEquals(Assert.java:200)
	at kriptomatDemo.FunctionalTests.calculateFactorialFaultNegativeInt(FunctionalTests.java:156)
	at sun.reflect.NativeMethodAccessorImpl.invoke0(Native Method)
	at sun.reflect.NativeMethodAccessorImpl.invoke(Unknown Source)
	at sun.reflect.DelegatingMethodAccessorImpl.invoke(Unknown Source)
	at java.lang.reflect.Method.invoke(Unknown Source)
	at org.testng.internal.MethodInvocationHelper.invokeMethod(MethodInvocationHelper.java:86)
	at org.testng.internal.Invoker.invokeMethod(Invoker.java:645)
	at org.testng.internal.Invoker.invokeTestMethod(Invoker.java:822)
	at org.testng.internal.Invoker.invokeTestMethods(Invoker.java:1130)
	at org.testng.internal.TestMethodWorker.invokeTestMethods(TestMethodWorker.java:129)
	at org.testng.internal.TestMethodWorker.run(TestMethodWorker.java:112)
	at org.testng.TestRunner.privateRun(TestRunner.java:782)
	at org.testng.TestRunner.run(TestRunner.java:632)
	at org.testng.SuiteRunner.runTest(SuiteRunner.java:366)
	at org.testng.SuiteRunner.runSequentially(SuiteRunner.java:361)
	at org.testng.SuiteRunner.privateRun(SuiteRunner.java:319)
	at org.testng.SuiteRunner.run(SuiteRunner.java:268)
	at org.testng.SuiteRunnerWorker.runSuite(SuiteRunnerWorker.java:52)
	at org.testng.SuiteRunnerWorker.run(SuiteRunnerWorker.java:86)
	at org.testng.TestNG.runSuitesSequentially(TestNG.java:1244)
	at org.testng.TestNG.runSuitesLocally(TestNG.java:1169)
	at org.testng.TestNG.run(TestNG.java:1064)
	at org.testng.remote.RemoteTestNG.run(RemoteTestNG.java:113)
	at org.testng.remote.RemoteTestNG.initAndRun(RemoteTestNG.java:206)
	at org.testng.remote.RemoteTestNG.main(RemoteTestNG.java:177)
</div></td></tr></table><p class="totop"><a href="#summary">back to summary</a></p><h3 id="m2">kriptomatDemo.FunctionalTests#calculateFactorialFaultNegativeInt</h3><table class="result"><tr class="param"><th>Parameter #1</th></tr><tr class="param stripe"><td>-171</td></tr><tr><th>Exception</th></tr><tr><td><div class="stacktrace">java.lang.AssertionError: expected [Please enter an positive integer] but found []
	at org.testng.Assert.fail(Assert.java:94)
	at org.testng.Assert.failNotEquals(Assert.java:513)
	at org.testng.Assert.assertEqualsImpl(Assert.java:135)
	at org.testng.Assert.assertEquals(Assert.java:116)
	at org.testng.Assert.assertEquals(Assert.java:190)
	at org.testng.Assert.assertEquals(Assert.java:200)
	at kriptomatDemo.FunctionalTests.calculateFactorialFaultNegativeInt(FunctionalTests.java:156)
	at sun.reflect.NativeMethodAccessorImpl.invoke0(Native Method)
	at sun.reflect.NativeMethodAccessorImpl.invoke(Unknown Source)
	at sun.reflect.DelegatingMethodAccessorImpl.invoke(Unknown Source)
	at java.lang.reflect.Method.invoke(Unknown Source)
	at org.testng.internal.MethodInvocationHelper.invokeMethod(MethodInvocationHelper.java:86)
	at org.testng.internal.Invoker.invokeMethod(Invoker.java:645)
	at org.testng.internal.Invoker.invokeTestMethod(Invoker.java:822)
	at org.testng.internal.Invoker.invokeTestMethods(Invoker.java:1130)
	at org.testng.internal.TestMethodWorker.invokeTestMethods(TestMethodWorker.java:129)
	at org.testng.internal.TestMethodWorker.run(TestMethodWorker.java:112)
	at org.testng.TestRunner.privateRun(TestRunner.java:782)
	at org.testng.TestRunner.run(TestRunner.java:632)
	at org.testng.SuiteRunner.runTest(SuiteRunner.java:366)
	at org.testng.SuiteRunner.runSequentially(SuiteRunner.java:361)
	at org.testng.SuiteRunner.privateRun(SuiteRunner.java:319)
	at org.testng.SuiteRunner.run(SuiteRunner.java:268)
	at org.testng.SuiteRunnerWorker.runSuite(SuiteRunnerWorker.java:52)
	at org.testng.SuiteRunnerWorker.run(SuiteRunnerWorker.java:86)
	at org.testng.TestNG.runSuitesSequentially(TestNG.java:1244)
	at org.testng.TestNG.runSuitesLocally(TestNG.java:1169)
	at org.testng.TestNG.run(TestNG.java:1064)
	at org.testng.remote.RemoteTestNG.run(RemoteTestNG.java:113)
	at org.testng.remote.RemoteTestNG.initAndRun(RemoteTestNG.java:206)
	at org.testng.remote.RemoteTestNG.main(RemoteTestNG.java:177)
</div></td></tr></table><p class="totop"><a href="#summary">back to summary</a></p><h3 id="m3">kriptomatDemo.FunctionalTests#calculateFactorialFaultNegativeInt</h3><table class="result"><tr class="param"><th>Parameter #1</th></tr><tr class="param stripe"><td>-12</td></tr><tr><th>Exception</th></tr><tr><td><div class="stacktrace">java.lang.AssertionError: expected [Please enter an positive integer] but found []
	at org.testng.Assert.fail(Assert.java:94)
	at org.testng.Assert.failNotEquals(Assert.java:513)
	at org.testng.Assert.assertEqualsImpl(Assert.java:135)
	at org.testng.Assert.assertEquals(Assert.java:116)
	at org.testng.Assert.assertEquals(Assert.java:190)
	at org.testng.Assert.assertEquals(Assert.java:200)
	at kriptomatDemo.FunctionalTests.calculateFactorialFaultNegativeInt(FunctionalTests.java:156)
	at sun.reflect.NativeMethodAccessorImpl.invoke0(Native Method)
	at sun.reflect.NativeMethodAccessorImpl.invoke(Unknown Source)
	at sun.reflect.DelegatingMethodAccessorImpl.invoke(Unknown Source)
	at java.lang.reflect.Method.invoke(Unknown Source)
	at org.testng.internal.MethodInvocationHelper.invokeMethod(MethodInvocationHelper.java:86)
	at org.testng.internal.Invoker.invokeMethod(Invoker.java:645)
	at org.testng.internal.Invoker.invokeTestMethod(Invoker.java:822)
	at org.testng.internal.Invoker.invokeTestMethods(Invoker.java:1130)
	at org.testng.internal.TestMethodWorker.invokeTestMethods(TestMethodWorker.java:129)
	at org.testng.internal.TestMethodWorker.run(TestMethodWorker.java:112)
	at org.testng.TestRunner.privateRun(TestRunner.java:782)
	at org.testng.TestRunner.run(TestRunner.java:632)
	at org.testng.SuiteRunner.runTest(SuiteRunner.java:366)
	at org.testng.SuiteRunner.runSequentially(SuiteRunner.java:361)
	at org.testng.SuiteRunner.privateRun(SuiteRunner.java:319)
	at org.testng.SuiteRunner.run(SuiteRunner.java:268)
	at org.testng.SuiteRunnerWorker.runSuite(SuiteRunnerWorker.java:52)
	at org.testng.SuiteRunnerWorker.run(SuiteRunnerWorker.java:86)
	at org.testng.TestNG.runSuitesSequentially(TestNG.java:1244)
	at org.testng.TestNG.runSuitesLocally(TestNG.java:1169)
	at org.testng.TestNG.run(TestNG.java:1064)
	at org.testng.remote.RemoteTestNG.run(RemoteTestNG.java:113)
	at org.testng.remote.RemoteTestNG.initAndRun(RemoteTestNG.java:206)
	at org.testng.remote.RemoteTestNG.main(RemoteTestNG.java:177)
</div></td></tr></table><p class="totop"><a href="#summary">back to summary</a></p><h3 id="m4">kriptomatDemo.VerifyWebElements#verifyPrivacyLink</h3><table class="result"><tr><th>Exception</th></tr><tr><td><div class="stacktrace">java.lang.AssertionError: expected [https://qainterview.pythonanywhere.com/privacy] but found [https://qainterview.pythonanywhere.com/terms]
	at org.testng.Assert.fail(Assert.java:94)
	at org.testng.Assert.failNotEquals(Assert.java:513)
	at org.testng.Assert.assertEqualsImpl(Assert.java:135)
	at org.testng.Assert.assertEquals(Assert.java:116)
	at org.testng.Assert.assertEquals(Assert.java:190)
	at org.testng.Assert.assertEquals(Assert.java:200)
	at kriptomatDemo.VerifyWebElements.verifyPrivacyLink(VerifyWebElements.java:109)
	at sun.reflect.NativeMethodAccessorImpl.invoke0(Native Method)
	at sun.reflect.NativeMethodAccessorImpl.invoke(Unknown Source)
	at sun.reflect.DelegatingMethodAccessorImpl.invoke(Unknown Source)
	at java.lang.reflect.Method.invoke(Unknown Source)
	at org.testng.internal.MethodInvocationHelper.invokeMethod(MethodInvocationHelper.java:86)
	at org.testng.internal.Invoker.invokeMethod(Invoker.java:645)
	at org.testng.internal.Invoker.invokeTestMethod(Invoker.java:822)
	at org.testng.internal.Invoker.invokeTestMethods(Invoker.java:1130)
	at org.testng.internal.TestMethodWorker.invokeTestMethods(TestMethodWorker.java:129)
	at org.testng.internal.TestMethodWorker.run(TestMethodWorker.java:112)
	at org.testng.TestRunner.privateRun(TestRunner.java:782)
	at org.testng.TestRunner.run(TestRunner.java:632)
	at org.testng.SuiteRunner.runTest(SuiteRunner.java:366)
	at org.testng.SuiteRunner.runSequentially(SuiteRunner.java:361)
	at org.testng.SuiteRunner.privateRun(SuiteRunner.java:319)
	at org.testng.SuiteRunner.run(SuiteRunner.java:268)
	at org.testng.SuiteRunnerWorker.runSuite(SuiteRunnerWorker.java:52)
	at org.testng.SuiteRunnerWorker.run(SuiteRunnerWorker.java:86)
	at org.testng.TestNG.runSuitesSequentially(TestNG.java:1244)
	at org.testng.TestNG.runSuitesLocally(TestNG.java:1169)
	at org.testng.TestNG.run(TestNG.java:1064)
	at org.testng.remote.RemoteTestNG.run(RemoteTestNG.java:113)
	at org.testng.remote.RemoteTestNG.initAndRun(RemoteTestNG.java:206)
	at org.testng.remote.RemoteTestNG.main(RemoteTestNG.java:177)
</div></td></tr></table><p class="totop"><a href="#summary">back to summary</a></p><h3 id="m5">kriptomatDemo.VerifyWebElements#verifyTermsLink</h3><table class="result"><tr><th>Exception</th></tr><tr><td><div class="stacktrace">java.lang.AssertionError: expected [https://qainterview.pythonanywhere.com/terms] but found [https://qainterview.pythonanywhere.com/privacy]
	at org.testng.Assert.fail(Assert.java:94)
	at org.testng.Assert.failNotEquals(Assert.java:513)
	at org.testng.Assert.assertEqualsImpl(Assert.java:135)
	at org.testng.Assert.assertEquals(Assert.java:116)
	at org.testng.Assert.assertEquals(Assert.java:190)
	at org.testng.Assert.assertEquals(Assert.java:200)
	at kriptomatDemo.VerifyWebElements.verifyTermsLink(VerifyWebElements.java:134)
	at sun.reflect.NativeMethodAccessorImpl.invoke0(Native Method)
	at sun.reflect.NativeMethodAccessorImpl.invoke(Unknown Source)
	at sun.reflect.DelegatingMethodAccessorImpl.invoke(Unknown Source)
	at java.lang.reflect.Method.invoke(Unknown Source)
	at org.testng.internal.MethodInvocationHelper.invokeMethod(MethodInvocationHelper.java:86)
	at org.testng.internal.Invoker.invokeMethod(Invoker.java:645)
	at org.testng.internal.Invoker.invokeTestMethod(Invoker.java:822)
	at org.testng.internal.Invoker.invokeTestMethods(Invoker.java:1130)
	at org.testng.internal.TestMethodWorker.invokeTestMethods(TestMethodWorker.java:129)
	at org.testng.internal.TestMethodWorker.run(TestMethodWorker.java:112)
	at org.testng.TestRunner.privateRun(TestRunner.java:782)
	at org.testng.TestRunner.run(TestRunner.java:632)
	at org.testng.SuiteRunner.runTest(SuiteRunner.java:366)
	at org.testng.SuiteRunner.runSequentially(SuiteRunner.java:361)
	at org.testng.SuiteRunner.privateRun(SuiteRunner.java:319)
	at org.testng.SuiteRunner.run(SuiteRunner.java:268)
	at org.testng.SuiteRunnerWorker.runSuite(SuiteRunnerWorker.java:52)
	at org.testng.SuiteRunnerWorker.run(SuiteRunnerWorker.java:86)
	at org.testng.TestNG.runSuitesSequentially(TestNG.java:1244)
	at org.testng.TestNG.runSuitesLocally(TestNG.java:1169)
	at org.testng.TestNG.run(TestNG.java:1064)
	at org.testng.remote.RemoteTestNG.run(RemoteTestNG.java:113)
	at org.testng.remote.RemoteTestNG.initAndRun(RemoteTestNG.java:206)
	at org.testng.remote.RemoteTestNG.main(RemoteTestNG.java:177)
</div></td></tr></table><p class="totop"><a href="#summary">back to summary</a></p><h3 id="m6">kriptomatDemo.FunctionalTests#calculateFactorialFaultNonInt</h3><table class="result"><tr class="param"><th>Parameter #1</th></tr><tr class="param stripe"><td>34.56</td></tr></table><p class="totop"><a href="#summary">back to summary</a></p><h3 id="m7">kriptomatDemo.FunctionalTests#calculateFactorialFaultNonInt</h3><table class="result"><tr class="param"><th>Parameter #1</th></tr><tr class="param stripe"><td>abc</td></tr></table><p class="totop"><a href="#summary">back to summary</a></p><h3 id="m8">kriptomatDemo.FunctionalTests#calculateFactorialFaultNonInt</h3><table class="result"><tr class="param"><th>Parameter #1</th></tr><tr class="param stripe"><td>a</td></tr></table><p class="totop"><a href="#summary">back to summary</a></p><h3 id="m9">kriptomatDemo.FunctionalTests#calculateFactorialFaultNonInt</h3><table class="result"><tr class="param"><th>Parameter #1</th></tr><tr class="param stripe"><td>a3y78</td></tr></table><p class="totop"><a href="#summary">back to summary</a></p><h3 id="m10">kriptomatDemo.FunctionalTests#calculateFactorialFaultNonInt</h3><table class="result"><tr class="param"><th>Parameter #1</th></tr><tr class="param stripe"><td>@#$</td></tr></table><p class="totop"><a href="#summary">back to summary</a></p><h3 id="m11">kriptomatDemo.FunctionalTests#calculateFactorialFaultNonInt</h3><table class="result"><tr class="param"><th>Parameter #1</th></tr><tr class="param stripe"><td>1.1</td></tr></table><p class="totop"><a href="#summary">back to summary</a></p><h3 id="m12">kriptomatDemo.FunctionalTests#calculateFactorialPositive</h3><table class="result"><tr class="param"><th>Parameter #1</th></tr><tr class="param stripe"><td>12</td></tr></table><p class="totop"><a href="#summary">back to summary</a></p><h3 id="m13">kriptomatDemo.FunctionalTests#calculateFactorialPositive</h3><table class="result"><tr class="param"><th>Parameter #1</th></tr><tr class="param stripe"><td>100</td></tr></table><p class="totop"><a href="#summary">back to summary</a></p><h3 id="m14">kriptomatDemo.FunctionalTests#calculateFactorialPositive</h3><table class="result"><tr class="param"><th>Parameter #1</th></tr><tr class="param stripe"><td>175</td></tr></table><p class="totop"><a href="#summary">back to summary</a></p><h3 id="m15">kriptomatDemo.FunctionalTests#calculateFactorialPositive</h3><table class="result"><tr class="param"><th>Parameter #1</th></tr><tr class="param stripe"><td>0</td></tr></table><p class="totop"><a href="#summary">back to summary</a></p><h3 id="m16">kriptomatDemo.FunctionalTests#calculateFactorialPositive</h3><table class="result"><tr class="param"><th>Parameter #1</th></tr><tr class="param stripe"><td>170</td></tr></table><p class="totop"><a href="#summary">back to summary</a></p><h3 id="m17">kriptomatDemo.FunctionalTests#calculateFactorialPositive</h3><table class="result"><tr class="param"><th>Parameter #1</th></tr><tr class="param stripe"><td>1</td></tr></table><p class="totop"><a href="#summary">back to summary</a></p><h3 id="m18">kriptomatDemo.VerifyWebElements#verifyCalculateButton</h3><table class="result"></table><p class="totop"><a href="#summary">back to summary</a></p><h3 id="m19">kriptomatDemo.VerifyWebElements#verifyMainHeader</h3><table class="result"></table><p class="totop"><a href="#summary">back to summary</a></p><h3 id="m20">kriptomatDemo.VerifyWebElements#verifyOtherLinks</h3><table class="result"></table><p class="totop"><a href="#summary">back to summary</a></p><h3 id="m21">kriptomatDemo.VerifyWebElements#verifyPageTitle</h3><table class="result"></table><p class="totop"><a href="#summary">back to summary</a></p><h3 id="m22">kriptomatDemo.VerifyWebElements#verifyPlaceholderText</h3><table class="result"></table><p class="totop"><a href="#summary">back to summary</a></p></body></html>